[2018-03-18T21:45:42.954] [DEBUG] cheese - login => username:admin,password:123456
[2018-03-18T21:45:42.957] [DEBUG] cheese - admin
[2018-03-18T21:45:43.000] [DEBUG] cheese - null
[2018-03-18T21:45:43.002] [DEBUG] cheese - null
[2018-03-19T00:12:14.587] [DEBUG] cheese - login => username:admin,password:123456
[2018-03-19T00:12:14.587] [DEBUG] cheese - admin
[2018-03-19T00:12:14.593] [DEBUG] cheese - null
[2018-03-19T00:12:14.593] [DEBUG] cheese - null
[2018-03-19T00:12:17.274] [DEBUG] cheese - null
[2018-03-19T00:12:17.283] [DEBUG] cheese - null
[2018-03-19T00:12:21.820] [DEBUG] cheese - null
[2018-03-19T00:12:21.824] [DEBUG] cheese - null
[2018-03-19T00:12:23.884] [DEBUG] cheese - null
[2018-03-19T00:12:23.889] [DEBUG] cheese - null
[2018-03-19T00:12:28.594] [DEBUG] cheese - null
[2018-03-19T00:12:28.599] [DEBUG] cheese - null
[2018-03-19T00:12:28.650] [DEBUG] cheese - null
[2018-03-19T00:12:28.655] [DEBUG] cheese - null
[2018-03-19T00:12:33.957] [DEBUG] cheese - null
[2018-03-19T00:12:33.961] [DEBUG] cheese - null
[2018-03-19T00:12:37.447] [DEBUG] cheese - null
[2018-03-19T00:12:37.452] [DEBUG] cheese - null
[2018-03-19T00:12:39.837] [DEBUG] cheese - null
[2018-03-19T00:12:39.841] [DEBUG] cheese - null
[2018-03-19T00:12:41.088] [DEBUG] cheese - null
[2018-03-19T00:12:41.093] [DEBUG] cheese - null
[2018-03-19T00:12:41.098] [DEBUG] cheese - null
[2018-03-19T00:12:41.110] [DEBUG] cheese - null
[2018-03-19T00:12:44.421] [DEBUG] cheese - null
[2018-03-19T00:12:44.427] [DEBUG] cheese - null
[2018-03-19T00:12:48.987] [DEBUG] cheese - null
[2018-03-19T00:12:48.995] [DEBUG] cheese - null
[2018-03-19T00:12:50.757] [DEBUG] cheese - null
[2018-03-19T00:12:50.763] [DEBUG] cheese - null
[2018-03-19T00:12:51.760] [DEBUG] cheese - null
[2018-03-19T00:12:51.766] [DEBUG] cheese - null
[2018-03-19T00:12:53.506] [DEBUG] cheese - null
[2018-03-19T00:12:53.512] [DEBUG] cheese - null
[2018-03-19T00:12:54.209] [DEBUG] cheese - null
[2018-03-19T00:12:54.213] [DEBUG] cheese - null
[2018-03-19T00:13:01.818] [DEBUG] cheese - null
[2018-03-19T00:13:01.829] [DEBUG] cheese - null
[2018-03-19T00:13:02.431] [DEBUG] cheese - null
[2018-03-19T00:13:02.436] [DEBUG] cheese - null
[2018-03-19T00:13:03.324] [DEBUG] cheese - null
[2018-03-19T00:13:03.329] [DEBUG] cheese - null
[2018-03-19T00:13:07.501] [DEBUG] cheese - null
[2018-03-19T00:13:07.506] [DEBUG] cheese - null
[2018-03-19T00:13:07.590] [DEBUG] cheese - null
[2018-03-19T00:13:07.595] [DEBUG] cheese - null
[2018-03-19T00:13:16.151] [DEBUG] cheese - null
[2018-03-19T00:13:16.158] [DEBUG] cheese - null
[2018-03-19T00:13:18.163] [DEBUG] cheese - null
[2018-03-19T00:13:18.170] [DEBUG] cheese - null
[2018-03-19T00:13:18.918] [DEBUG] cheese - null
[2018-03-19T00:13:18.925] [DEBUG] cheese - null
[2018-03-19T00:14:23.082] [DEBUG] cheese - null
[2018-03-19T00:14:23.095] [DEBUG] cheese - null
[2018-03-19T00:14:27.018] [DEBUG] cheese - null
[2018-03-19T00:14:27.029] [DEBUG] cheese - null
[2018-03-19T00:14:28.840] [DEBUG] cheese - null
[2018-03-19T00:14:28.844] [DEBUG] cheese - null
[2018-03-19T00:14:28.851] [DEBUG] cheese - null
[2018-03-19T00:14:28.864] [DEBUG] cheese - null
[2018-03-19T00:14:30.848] [DEBUG] cheese - null
[2018-03-19T00:14:30.859] [DEBUG] cheese - null
[2018-03-19T00:14:47.707] [DEBUG] cheese - null
[2018-03-19T00:14:47.715] [DEBUG] cheese - null
[2018-03-19T00:14:49.085] [DEBUG] cheese - null
[2018-03-19T00:14:49.092] [DEBUG] cheese - null
[2018-03-19T00:14:51.021] [DEBUG] cheese - null
[2018-03-19T00:14:51.029] [DEBUG] cheese - null
[2018-03-19T00:14:54.978] [DEBUG] cheese - null
[2018-03-19T00:14:54.990] [DEBUG] cheese - null
[2018-03-19T00:14:59.863] [DEBUG] cheese - null
[2018-03-19T00:14:59.872] [DEBUG] cheese - null
[2018-03-19T00:14:59.941] [DEBUG] cheese - null
[2018-03-19T00:14:59.951] [DEBUG] cheese - null
[2018-03-19T00:22:16.569] [DEBUG] cheese - { Error: ER_NO_SUCH_TABLE: Table 'itcast.sp_permission_api' doesn't exist
    at Query.Sequence._packetToError (C:\Users\Alan_\Desktop\GZ\code\shop2-server\node_modules\mysql\lib\protocol\sequences\Sequence.js:52:14)
    at Query.ErrorPacket (C:\Users\Alan_\Desktop\GZ\code\shop2-server\node_modules\mysql\lib\protocol\sequences\Query.js:77:18)
    at Protocol._parsePacket (C:\Users\Alan_\Desktop\GZ\code\shop2-server\node_modules\mysql\lib\protocol\Protocol.js:279:23)
    at Parser.write (C:\Users\Alan_\Desktop\GZ\code\shop2-server\node_modules\mysql\lib\protocol\Parser.js:76:12)
    at Protocol.write (C:\Users\Alan_\Desktop\GZ\code\shop2-server\node_modules\mysql\lib\protocol\Protocol.js:39:16)
    at Socket.<anonymous> (C:\Users\Alan_\Desktop\GZ\code\shop2-server\node_modules\mysql\lib\Connection.js:103:28)
    at emitOne (events.js:116:13)
    at Socket.emit (events.js:211:7)
    at addChunk (_stream_readable.js:263:12)
    at readableAddChunk (_stream_readable.js:250:11)
    at Socket.Readable.push (_stream_readable.js:208:10)
    at TCP.onread (net.js:594:20)
    --------------------
    at Protocol._enqueue (C:\Users\Alan_\Desktop\GZ\code\shop2-server\node_modules\mysql\lib\protocol\Protocol.js:145:48)
    at PoolConnection.query (C:\Users\Alan_\Desktop\GZ\code\shop2-server\node_modules\mysql\lib\Connection.js:208:25)
    at C:\Users\Alan_\Desktop\GZ\code\shop2-server\node_modules\orm\lib\Drivers\DML\mysql.js:231:9
    at Ping.onOperationComplete [as _callback] (C:\Users\Alan_\Desktop\GZ\code\shop2-server\node_modules\mysql\lib\Pool.js:110:5)
    at Ping.Sequence.end (C:\Users\Alan_\Desktop\GZ\code\shop2-server\node_modules\mysql\lib\protocol\sequences\Sequence.js:88:24)
    at Ping.Sequence.OkPacket (C:\Users\Alan_\Desktop\GZ\code\shop2-server\node_modules\mysql\lib\protocol\sequences\Sequence.js:97:8)
    at Protocol._parsePacket (C:\Users\Alan_\Desktop\GZ\code\shop2-server\node_modules\mysql\lib\protocol\Protocol.js:279:23)
    at Parser.write (C:\Users\Alan_\Desktop\GZ\code\shop2-server\node_modules\mysql\lib\protocol\Parser.js:76:12)
    at Protocol.write (C:\Users\Alan_\Desktop\GZ\code\shop2-server\node_modules\mysql\lib\protocol\Protocol.js:39:16)
    at Socket.<anonymous> (C:\Users\Alan_\Desktop\GZ\code\shop2-server\node_modules\mysql\lib\Connection.js:103:28)
    at emitOne (events.js:116:13)
    at Socket.emit (events.js:211:7)
    at addChunk (_stream_readable.js:263:12)
    at readableAddChunk (_stream_readable.js:250:11)
    at Socket.Readable.push (_stream_readable.js:208:10)
    at TCP.onread (net.js:594:20)
  code: 'ER_NO_SUCH_TABLE',
  errno: 1146,
  sqlMessage: 'Table \'itcast.sp_permission_api\' doesn\'t exist',
  sqlState: '42S02',
  index: 0,
  sql: 'SELECT `id`, `ps_id`, `ps_api_service`, `ps_api_action`, `ps_api_order` FROM `sp_permission_api` WHERE `ps_api_service` = \'ManagerService\' AND `ps_api_action` = \'getAllManagers\' LIMIT 1' }
[2018-03-19T00:22:23.254] [DEBUG] cheese - { Error: ER_NO_SUCH_TABLE: Table 'itcast.sp_permission_api' doesn't exist
    at Query.Sequence._packetToError (C:\Users\Alan_\Desktop\GZ\code\shop2-server\node_modules\mysql\lib\protocol\sequences\Sequence.js:52:14)
    at Query.ErrorPacket (C:\Users\Alan_\Desktop\GZ\code\shop2-server\node_modules\mysql\lib\protocol\sequences\Query.js:77:18)
    at Protocol._parsePacket (C:\Users\Alan_\Desktop\GZ\code\shop2-server\node_modules\mysql\lib\protocol\Protocol.js:279:23)
    at Parser.write (C:\Users\Alan_\Desktop\GZ\code\shop2-server\node_modules\mysql\lib\protocol\Parser.js:76:12)
    at Protocol.write (C:\Users\Alan_\Desktop\GZ\code\shop2-server\node_modules\mysql\lib\protocol\Protocol.js:39:16)
    at Socket.<anonymous> (C:\Users\Alan_\Desktop\GZ\code\shop2-server\node_modules\mysql\lib\Connection.js:103:28)
    at emitOne (events.js:116:13)
    at Socket.emit (events.js:211:7)
    at addChunk (_stream_readable.js:263:12)
    at readableAddChunk (_stream_readable.js:250:11)
    at Socket.Readable.push (_stream_readable.js:208:10)
    at TCP.onread (net.js:594:20)
    --------------------
    at Protocol._enqueue (C:\Users\Alan_\Desktop\GZ\code\shop2-server\node_modules\mysql\lib\protocol\Protocol.js:145:48)
    at PoolConnection.query (C:\Users\Alan_\Desktop\GZ\code\shop2-server\node_modules\mysql\lib\Connection.js:208:25)
    at C:\Users\Alan_\Desktop\GZ\code\shop2-server\node_modules\orm\lib\Drivers\DML\mysql.js:231:9
    at Ping.onOperationComplete [as _callback] (C:\Users\Alan_\Desktop\GZ\code\shop2-server\node_modules\mysql\lib\Pool.js:110:5)
    at Ping.Sequence.end (C:\Users\Alan_\Desktop\GZ\code\shop2-server\node_modules\mysql\lib\protocol\sequences\Sequence.js:88:24)
    at Ping.Sequence.OkPacket (C:\Users\Alan_\Desktop\GZ\code\shop2-server\node_modules\mysql\lib\protocol\sequences\Sequence.js:97:8)
    at Protocol._parsePacket (C:\Users\Alan_\Desktop\GZ\code\shop2-server\node_modules\mysql\lib\protocol\Protocol.js:279:23)
    at Parser.write (C:\Users\Alan_\Desktop\GZ\code\shop2-server\node_modules\mysql\lib\protocol\Parser.js:76:12)
    at Protocol.write (C:\Users\Alan_\Desktop\GZ\code\shop2-server\node_modules\mysql\lib\protocol\Protocol.js:39:16)
    at Socket.<anonymous> (C:\Users\Alan_\Desktop\GZ\code\shop2-server\node_modules\mysql\lib\Connection.js:103:28)
    at emitOne (events.js:116:13)
    at Socket.emit (events.js:211:7)
    at addChunk (_stream_readable.js:263:12)
    at readableAddChunk (_stream_readable.js:250:11)
    at Socket.Readable.push (_stream_readable.js:208:10)
    at TCP.onread (net.js:594:20)
  code: 'ER_NO_SUCH_TABLE',
  errno: 1146,
  sqlMessage: 'Table \'itcast.sp_permission_api\' doesn\'t exist',
  sqlState: '42S02',
  index: 0,
  sql: 'SELECT `id`, `ps_id`, `ps_api_service`, `ps_api_action`, `ps_api_order` FROM `sp_permission_api` WHERE `ps_api_service` = \'ManagerService\' AND `ps_api_action` = \'getAllManagers\' LIMIT 1' }
[2018-03-19T00:23:34.589] [DEBUG] cheese - { Error: ER_NO_SUCH_TABLE: Table 'itcast.sp_permission_api' doesn't exist
    at Query.Sequence._packetToError (C:\Users\Alan_\Desktop\GZ\code\shop2-server\node_modules\mysql\lib\protocol\sequences\Sequence.js:52:14)
    at Query.ErrorPacket (C:\Users\Alan_\Desktop\GZ\code\shop2-server\node_modules\mysql\lib\protocol\sequences\Query.js:77:18)
    at Protocol._parsePacket (C:\Users\Alan_\Desktop\GZ\code\shop2-server\node_modules\mysql\lib\protocol\Protocol.js:279:23)
    at Parser.write (C:\Users\Alan_\Desktop\GZ\code\shop2-server\node_modules\mysql\lib\protocol\Parser.js:76:12)
    at Protocol.write (C:\Users\Alan_\Desktop\GZ\code\shop2-server\node_modules\mysql\lib\protocol\Protocol.js:39:16)
    at Socket.<anonymous> (C:\Users\Alan_\Desktop\GZ\code\shop2-server\node_modules\mysql\lib\Connection.js:103:28)
    at emitOne (events.js:116:13)
    at Socket.emit (events.js:211:7)
    at addChunk (_stream_readable.js:263:12)
    at readableAddChunk (_stream_readable.js:250:11)
    at Socket.Readable.push (_stream_readable.js:208:10)
    at TCP.onread (net.js:594:20)
    --------------------
    at Protocol._enqueue (C:\Users\Alan_\Desktop\GZ\code\shop2-server\node_modules\mysql\lib\protocol\Protocol.js:145:48)
    at PoolConnection.query (C:\Users\Alan_\Desktop\GZ\code\shop2-server\node_modules\mysql\lib\Connection.js:208:25)
    at C:\Users\Alan_\Desktop\GZ\code\shop2-server\node_modules\orm\lib\Drivers\DML\mysql.js:231:9
    at Ping.onOperationComplete [as _callback] (C:\Users\Alan_\Desktop\GZ\code\shop2-server\node_modules\mysql\lib\Pool.js:110:5)
    at Ping.Sequence.end (C:\Users\Alan_\Desktop\GZ\code\shop2-server\node_modules\mysql\lib\protocol\sequences\Sequence.js:88:24)
    at Ping.Sequence.OkPacket (C:\Users\Alan_\Desktop\GZ\code\shop2-server\node_modules\mysql\lib\protocol\sequences\Sequence.js:97:8)
    at Protocol._parsePacket (C:\Users\Alan_\Desktop\GZ\code\shop2-server\node_modules\mysql\lib\protocol\Protocol.js:279:23)
    at Parser.write (C:\Users\Alan_\Desktop\GZ\code\shop2-server\node_modules\mysql\lib\protocol\Parser.js:76:12)
    at Protocol.write (C:\Users\Alan_\Desktop\GZ\code\shop2-server\node_modules\mysql\lib\protocol\Protocol.js:39:16)
    at Socket.<anonymous> (C:\Users\Alan_\Desktop\GZ\code\shop2-server\node_modules\mysql\lib\Connection.js:103:28)
    at emitOne (events.js:116:13)
    at Socket.emit (events.js:211:7)
    at addChunk (_stream_readable.js:263:12)
    at readableAddChunk (_stream_readable.js:250:11)
    at Socket.Readable.push (_stream_readable.js:208:10)
    at TCP.onread (net.js:594:20)
  code: 'ER_NO_SUCH_TABLE',
  errno: 1146,
  sqlMessage: 'Table \'itcast.sp_permission_api\' doesn\'t exist',
  sqlState: '42S02',
  index: 0,
  sql: 'SELECT `id`, `ps_id`, `ps_api_service`, `ps_api_action`, `ps_api_order` FROM `sp_permission_api` WHERE `ps_api_service` = \'ManagerService\' AND `ps_api_action` = \'getAllManagers\' LIMIT 1' }
[2018-03-19T00:26:32.497] [DEBUG] cheese - null
[2018-03-19T00:26:32.504] [DEBUG] cheese - null
[2018-03-19T00:26:55.872] [DEBUG] cheese - null
[2018-03-19T00:26:55.887] [DEBUG] cheese - null
[2018-03-19T00:26:56.805] [DEBUG] cheese - null
[2018-03-19T00:26:56.811] [DEBUG] cheese - null
[2018-03-19T00:26:57.344] [DEBUG] cheese - null
[2018-03-19T00:26:57.351] [DEBUG] cheese - null
[2018-03-19T00:26:58.819] [DEBUG] cheese - null
[2018-03-19T00:26:58.825] [DEBUG] cheese - null
[2018-03-19T00:26:58.851] [DEBUG] cheese - null
[2018-03-19T00:26:58.861] [DEBUG] cheese - null
[2018-03-19T00:27:04.615] [DEBUG] cheese - null
[2018-03-19T00:27:04.621] [DEBUG] cheese - null
[2018-03-19T00:27:08.217] [DEBUG] cheese - null
[2018-03-19T00:27:08.220] [DEBUG] cheese - null
[2018-03-19T00:27:12.024] [DEBUG] cheese - null
[2018-03-19T00:27:12.029] [DEBUG] cheese - null
[2018-03-19T00:27:15.428] [DEBUG] cheese - null
[2018-03-19T00:27:15.433] [DEBUG] cheese - null
[2018-03-19T00:27:48.545] [DEBUG] cheese - null
[2018-03-19T00:27:48.550] [DEBUG] cheese - null
[2018-03-19T00:27:52.731] [DEBUG] cheese - null
[2018-03-19T00:27:52.736] [DEBUG] cheese - null
[2018-03-19T00:28:04.870] [DEBUG] cheese - null
[2018-03-19T00:28:04.875] [DEBUG] cheese - null
[2018-03-19T00:29:41.550] [DEBUG] cheese - null
[2018-03-19T00:29:41.555] [DEBUG] cheese - null
[2018-03-19T00:29:43.913] [DEBUG] cheese - null
[2018-03-19T00:29:43.917] [DEBUG] cheese - null
[2018-03-19T00:30:24.909] [DEBUG] cheese - null
[2018-03-19T00:30:24.931] [DEBUG] cheese - null
[2018-03-19T00:30:26.672] [DEBUG] cheese - null
[2018-03-19T00:30:26.676] [DEBUG] cheese - null
[2018-03-19T00:30:28.054] [DEBUG] cheese - null
[2018-03-19T00:30:28.059] [DEBUG] cheese - null
[2018-03-19T00:31:28.998] [DEBUG] cheese - null
[2018-03-19T00:31:29.003] [DEBUG] cheese - null
[2018-03-19T00:31:39.728] [DEBUG] cheese - null
[2018-03-19T00:31:39.732] [DEBUG] cheese - null
[2018-03-19T00:32:52.792] [DEBUG] cheese - null
[2018-03-19T00:32:52.796] [DEBUG] cheese - null
[2018-03-19T00:32:53.222] [DEBUG] cheese - null
[2018-03-19T00:32:53.226] [DEBUG] cheese - null
[2018-03-19T00:32:54.714] [DEBUG] cheese - null
[2018-03-19T00:32:54.718] [DEBUG] cheese - null
[2018-03-19T00:35:01.994] [DEBUG] cheese - null
[2018-03-19T00:35:02.000] [DEBUG] cheese - null
[2018-03-19T00:35:07.227] [DEBUG] cheese - null
[2018-03-19T00:35:07.233] [DEBUG] cheese - null
[2018-03-19T00:35:13.083] [DEBUG] cheese - null
[2018-03-19T00:35:13.088] [DEBUG] cheese - null
[2018-03-19T00:35:15.111] [DEBUG] cheese - null
[2018-03-19T00:35:15.117] [DEBUG] cheese - null
[2018-03-19T00:35:17.349] [DEBUG] cheese - null
[2018-03-19T00:35:17.357] [DEBUG] cheese - null
[2018-03-19T00:35:17.573] [DEBUG] cheese - null
[2018-03-19T00:35:17.582] [DEBUG] cheese - null
[2018-03-19T00:35:25.145] [DEBUG] cheese - null
[2018-03-19T00:35:25.151] [DEBUG] cheese - null
[2018-03-19T00:35:29.303] [DEBUG] cheese - null
[2018-03-19T00:35:29.311] [DEBUG] cheese - null
[2018-03-19T00:35:29.529] [DEBUG] cheese - null
[2018-03-19T00:35:29.541] [DEBUG] cheese - null
[2018-03-19T00:35:43.421] [DEBUG] cheese - null
[2018-03-19T00:35:43.428] [DEBUG] cheese - null
[2018-03-19T00:36:03.330] [DEBUG] cheese - null
[2018-03-19T00:36:03.335] [DEBUG] cheese - null
[2018-03-19T00:36:05.752] [DEBUG] cheese - null
[2018-03-19T00:36:05.756] [DEBUG] cheese - null
[2018-03-19T00:36:07.323] [DEBUG] cheese - null
[2018-03-19T00:36:07.327] [DEBUG] cheese - null
[2018-03-19T00:36:15.495] [DEBUG] cheese - null
[2018-03-19T00:36:15.500] [DEBUG] cheese - null
[2018-03-19T00:36:33.517] [DEBUG] cheese - login => username:admin,password:123456
[2018-03-19T00:36:33.518] [DEBUG] cheese - admin
[2018-03-19T00:36:33.523] [DEBUG] cheese - null
[2018-03-19T00:36:33.523] [DEBUG] cheese - null
[2018-03-20T18:02:43.789] [DEBUG] cheese - login => username:itcast,password:123456
[2018-03-20T18:02:43.791] [DEBUG] cheese - itcast
[2018-03-20T18:02:43.815] [DEBUG] cheese - null
[2018-03-20T18:02:43.815] [DEBUG] cheese - null
[2018-03-20T18:02:47.741] [DEBUG] cheese - login => username:admin,password:123456
[2018-03-20T18:02:47.741] [DEBUG] cheese - admin
[2018-03-20T18:02:47.751] [DEBUG] cheese - null
[2018-03-20T18:02:47.751] [DEBUG] cheese - null
[2018-03-21T11:07:13.338] [DEBUG] cheese - login => username:admin,password:123456
[2018-03-21T11:07:13.339] [DEBUG] cheese - admin
[2018-03-21T11:07:13.359] [DEBUG] cheese - null
[2018-03-21T11:07:13.360] [DEBUG] cheese - null
[2018-03-21T11:07:42.234] [DEBUG] cheese - login => username:admin,password:123456
[2018-03-21T11:07:42.234] [DEBUG] cheese - admin
[2018-03-21T11:07:42.240] [DEBUG] cheese - null
[2018-03-21T11:07:42.240] [DEBUG] cheese - null
[2018-03-21T15:13:48.238] [DEBUG] cheese - login => username:234,password:234
[2018-03-21T15:13:48.240] [DEBUG] cheese - 234
[2018-03-21T15:13:48.273] [DEBUG] cheese - null
[2018-03-21T15:13:48.274] [DEBUG] cheese - null
[2018-03-21T15:44:05.758] [DEBUG] cheese - login => username:12312,password:123123
[2018-03-21T15:44:05.758] [DEBUG] cheese - 12312
[2018-03-21T15:44:05.774] [DEBUG] cheese - null
[2018-03-21T15:44:05.774] [DEBUG] cheese - null
[2018-03-21T15:44:31.780] [DEBUG] cheese - login => username:admin,password:123456
[2018-03-21T15:44:31.780] [DEBUG] cheese - admin
[2018-03-21T15:44:31.794] [DEBUG] cheese - null
[2018-03-21T15:44:31.794] [DEBUG] cheese - null
[2018-03-21T15:45:13.597] [DEBUG] cheese - login => username:admin,password:123456
[2018-03-21T15:45:13.597] [DEBUG] cheese - admin
[2018-03-21T15:45:13.603] [DEBUG] cheese - null
[2018-03-21T15:45:13.604] [DEBUG] cheese - null
[2018-03-21T15:45:21.358] [DEBUG] cheese - login => username:243,password:sdd
[2018-03-21T15:45:21.358] [DEBUG] cheese - 243
[2018-03-21T15:45:21.363] [DEBUG] cheese - null
[2018-03-21T15:45:21.363] [DEBUG] cheese - null
[2018-03-21T15:45:50.339] [DEBUG] cheese - login => username:admin,password:sdd
[2018-03-21T15:45:50.339] [DEBUG] cheese - admin
[2018-03-21T15:45:50.355] [DEBUG] cheese - null
[2018-03-21T15:45:50.355] [DEBUG] cheese - null
[2018-03-21T15:48:13.560] [DEBUG] cheese - login => username:admin,password:123456
[2018-03-21T15:48:13.561] [DEBUG] cheese - admin
[2018-03-21T15:48:13.576] [DEBUG] cheese - null
[2018-03-21T15:48:13.576] [DEBUG] cheese - null
[2018-03-21T15:49:24.008] [DEBUG] cheese - login => username:admin,password:123456
[2018-03-21T15:49:24.008] [DEBUG] cheese - admin
[2018-03-21T15:49:24.016] [DEBUG] cheese - null
[2018-03-21T15:49:24.017] [DEBUG] cheese - null
[2018-03-21T16:07:18.900] [DEBUG] cheese - login => username:sdf,password:123
[2018-03-21T16:07:18.900] [DEBUG] cheese - sdf
[2018-03-21T16:07:18.905] [DEBUG] cheese - null
[2018-03-21T16:07:18.905] [DEBUG] cheese - null
[2018-03-21T16:07:35.523] [DEBUG] cheese - login => username:admin,password:123456
[2018-03-21T16:07:35.524] [DEBUG] cheese - admin
[2018-03-21T16:07:35.541] [DEBUG] cheese - null
[2018-03-21T16:07:35.541] [DEBUG] cheese - null
[2018-03-21T16:07:45.511] [DEBUG] cheese - login => username:admin,password:123
[2018-03-21T16:07:45.511] [DEBUG] cheese - admin
[2018-03-21T16:07:45.521] [DEBUG] cheese - null
[2018-03-21T16:07:45.521] [DEBUG] cheese - null
[2018-03-21T16:11:04.511] [DEBUG] cheese - login => username:admin,password:123
[2018-03-21T16:11:04.511] [DEBUG] cheese - admin
[2018-03-21T16:11:04.525] [DEBUG] cheese - null
[2018-03-21T16:11:04.525] [DEBUG] cheese - null
[2018-03-21T16:11:11.186] [DEBUG] cheese - login => username:werwerwe,password:123
[2018-03-21T16:11:11.186] [DEBUG] cheese - werwerwe
[2018-03-21T16:11:11.191] [DEBUG] cheese - null
[2018-03-21T16:11:11.191] [DEBUG] cheese - null
[2018-03-21T16:13:55.126] [DEBUG] cheese - login => username:admin,password:123456
[2018-03-21T16:13:55.126] [DEBUG] cheese - admin
[2018-03-21T16:13:55.131] [DEBUG] cheese - null
[2018-03-21T16:13:55.131] [DEBUG] cheese - null
[2018-03-21T17:36:49.566] [DEBUG] cheese - login => username:admin,password:123456
[2018-03-21T17:36:49.567] [DEBUG] cheese - admin
[2018-03-21T17:36:49.578] [DEBUG] cheese - null
[2018-03-21T17:36:49.578] [DEBUG] cheese - null
[2018-03-21T20:46:35.650] [DEBUG] cheese - login => username:admin,password:a123456
[2018-03-21T20:46:35.652] [DEBUG] cheese - admin
[2018-03-21T20:46:35.671] [DEBUG] cheese - null
[2018-03-21T20:46:35.671] [DEBUG] cheese - null
[2018-03-21T20:46:40.875] [DEBUG] cheese - login => username:admin,password:a123456
[2018-03-21T20:46:40.875] [DEBUG] cheese - admin
[2018-03-21T20:46:40.881] [DEBUG] cheese - null
[2018-03-21T20:46:40.881] [DEBUG] cheese - null
[2018-03-21T20:46:44.342] [DEBUG] cheese - login => username:admin,password:123456
[2018-03-21T20:46:44.343] [DEBUG] cheese - admin
[2018-03-21T20:46:44.347] [DEBUG] cheese - null
[2018-03-21T20:46:44.347] [DEBUG] cheese - null
[2018-03-21T20:53:40.215] [DEBUG] cheese - login => username:admin,password:123456
[2018-03-21T20:53:40.216] [DEBUG] cheese - admin
[2018-03-21T20:53:40.222] [DEBUG] cheese - null
[2018-03-21T20:53:40.222] [DEBUG] cheese - null
[2018-03-21T20:55:36.731] [DEBUG] cheese - login => username:admin,password:123456
[2018-03-21T20:55:36.731] [DEBUG] cheese - admin
[2018-03-21T20:55:36.737] [DEBUG] cheese - null
[2018-03-21T20:55:36.737] [DEBUG] cheese - null
[2018-03-21T20:58:40.972] [DEBUG] cheese - login => username:admin,password:123456
[2018-03-21T20:58:40.972] [DEBUG] cheese - admin
[2018-03-21T20:58:40.977] [DEBUG] cheese - null
[2018-03-21T20:58:40.977] [DEBUG] cheese - null
[2018-03-21T21:01:07.881] [DEBUG] cheese - login => username:admin,password:123456
[2018-03-21T21:01:07.881] [DEBUG] cheese - admin
[2018-03-21T21:01:07.905] [DEBUG] cheese - null
[2018-03-21T21:01:07.905] [DEBUG] cheese - null
[2018-03-21T21:04:50.065] [DEBUG] cheese - login => username:admin,password:123456
[2018-03-21T21:04:50.065] [DEBUG] cheese - admin
[2018-03-21T21:04:50.072] [DEBUG] cheese - null
[2018-03-21T21:04:50.072] [DEBUG] cheese - null
[2018-03-21T21:07:05.122] [DEBUG] cheese - login => username:admin,password:123456
[2018-03-21T21:07:05.122] [DEBUG] cheese - admin
[2018-03-21T21:07:05.136] [DEBUG] cheese - null
[2018-03-21T21:07:05.136] [DEBUG] cheese - null
[2018-03-21T21:15:32.055] [DEBUG] cheese - login => username:admin,password:123456
[2018-03-21T21:15:32.055] [DEBUG] cheese - admin
[2018-03-21T21:15:32.063] [DEBUG] cheese - null
[2018-03-21T21:15:32.063] [DEBUG] cheese - null
[2018-03-21T21:19:21.993] [DEBUG] cheese - login => username:admin,password:123456
[2018-03-21T21:19:21.993] [DEBUG] cheese - admin
[2018-03-21T21:19:21.997] [DEBUG] cheese - null
[2018-03-21T21:19:21.997] [DEBUG] cheese - null
[2018-03-21T21:21:30.241] [DEBUG] cheese - login => username:admin,password:123456
[2018-03-21T21:21:30.241] [DEBUG] cheese - admin
[2018-03-21T21:21:30.245] [DEBUG] cheese - null
[2018-03-21T21:21:30.246] [DEBUG] cheese - null
[2018-03-21T21:24:03.551] [DEBUG] cheese - login => username:admin,password:123456
[2018-03-21T21:24:03.551] [DEBUG] cheese - admin
[2018-03-21T21:24:03.561] [DEBUG] cheese - null
[2018-03-21T21:24:03.561] [DEBUG] cheese - null
[2018-03-21T21:26:08.142] [DEBUG] cheese - login => username:admin,password:123456
[2018-03-21T21:26:08.142] [DEBUG] cheese - admin
[2018-03-21T21:26:08.146] [DEBUG] cheese - null
[2018-03-21T21:26:08.146] [DEBUG] cheese - null
[2018-03-21T21:35:13.284] [DEBUG] cheese - login => username:admin,password:123456
[2018-03-21T21:35:13.284] [DEBUG] cheese - admin
[2018-03-21T21:35:13.306] [DEBUG] cheese - null
[2018-03-21T21:35:13.306] [DEBUG] cheese - null
[2018-03-21T21:39:11.180] [DEBUG] cheese - login => username:admin,password:123456
[2018-03-21T21:39:11.180] [DEBUG] cheese - admin
[2018-03-21T21:39:11.187] [DEBUG] cheese - null
[2018-03-21T21:39:11.188] [DEBUG] cheese - null
[2018-03-21T21:41:41.199] [DEBUG] cheese - login => username:admin,password:123456
[2018-03-21T21:41:41.199] [DEBUG] cheese - admin
[2018-03-21T21:41:41.203] [DEBUG] cheese - null
[2018-03-21T21:41:41.204] [DEBUG] cheese - null
[2018-03-21T21:44:10.935] [DEBUG] cheese - login => username:admin,password:a123456
[2018-03-21T21:44:10.935] [DEBUG] cheese - admin
[2018-03-21T21:44:10.941] [DEBUG] cheese - null
[2018-03-21T21:44:10.941] [DEBUG] cheese - null
[2018-03-21T21:44:14.588] [DEBUG] cheese - login => username:admin,password:123456
[2018-03-21T21:44:14.588] [DEBUG] cheese - admin
[2018-03-21T21:44:14.593] [DEBUG] cheese - null
[2018-03-21T21:44:14.593] [DEBUG] cheese - null
[2018-03-21T21:52:55.321] [DEBUG] cheese - login => username:admin,password:123456
[2018-03-21T21:52:55.321] [DEBUG] cheese - admin
[2018-03-21T21:52:55.332] [DEBUG] cheese - null
[2018-03-21T21:52:55.332] [DEBUG] cheese - null
[2018-03-21T22:12:05.946] [DEBUG] cheese - login => username:admin,password:123456
[2018-03-21T22:12:05.946] [DEBUG] cheese - admin
[2018-03-21T22:12:05.952] [DEBUG] cheese - null
[2018-03-21T22:12:05.952] [DEBUG] cheese - null
[2018-03-21T22:14:38.948] [DEBUG] cheese - login => username:admin,password:123456
[2018-03-21T22:14:38.948] [DEBUG] cheese - admin
[2018-03-21T22:14:38.963] [DEBUG] cheese - null
[2018-03-21T22:14:38.963] [DEBUG] cheese - null
[2018-03-21T22:22:30.980] [DEBUG] cheese - login => username:admin,password:123456
[2018-03-21T22:22:30.980] [DEBUG] cheese - admin
[2018-03-21T22:22:30.984] [DEBUG] cheese - null
[2018-03-21T22:22:30.984] [DEBUG] cheese - null
[2018-03-21T23:39:44.222] [DEBUG] cheese - login => username:admin,password:123456
[2018-03-21T23:39:44.223] [DEBUG] cheese - admin
[2018-03-21T23:39:44.232] [DEBUG] cheese - null
[2018-03-21T23:39:44.232] [DEBUG] cheese - null
[2018-03-22T09:42:24.260] [DEBUG] cheese - login => username:admin,password:123456
[2018-03-22T09:42:24.262] [DEBUG] cheese - admin
[2018-03-22T09:42:24.283] [DEBUG] cheese - null
[2018-03-22T09:42:24.284] [DEBUG] cheese - null
[2018-03-22T11:51:22.995] [DEBUG] cheese - login => username:admin,password:123456
[2018-03-22T11:51:22.996] [DEBUG] cheese - admin
[2018-03-22T11:51:23.003] [DEBUG] cheese - null
[2018-03-22T11:51:23.004] [DEBUG] cheese - null
[2018-03-22T11:53:42.080] [DEBUG] cheese - login => username:admin,password:123456
[2018-03-22T11:53:42.080] [DEBUG] cheese - admin
[2018-03-22T11:53:42.084] [DEBUG] cheese - null
[2018-03-22T11:53:42.084] [DEBUG] cheese - null
[2018-03-22T12:24:52.382] [DEBUG] cheese - login => username:admin,password:123456
[2018-03-22T12:24:52.382] [DEBUG] cheese - admin
[2018-03-22T12:24:52.387] [DEBUG] cheese - null
[2018-03-22T12:24:52.387] [DEBUG] cheese - null
[2018-03-22T12:27:20.502] [DEBUG] cheese - login => username:admin,password:123456
[2018-03-22T12:27:20.502] [DEBUG] cheese - admin
[2018-03-22T12:27:20.506] [DEBUG] cheese - null
[2018-03-22T12:27:20.506] [DEBUG] cheese - null
[2018-03-22T12:27:54.380] [DEBUG] cheese - login => username:admin,password:123456
[2018-03-22T12:27:54.380] [DEBUG] cheese - admin
[2018-03-22T12:27:54.385] [DEBUG] cheese - null
[2018-03-22T12:27:54.385] [DEBUG] cheese - null
[2018-03-22T12:29:33.666] [DEBUG] cheese - login => username:admin,password:123456
[2018-03-22T12:29:33.666] [DEBUG] cheese - admin
[2018-03-22T12:29:33.670] [DEBUG] cheese - null
[2018-03-22T12:29:33.670] [DEBUG] cheese - null
[2018-03-22T12:29:49.327] [DEBUG] cheese - login => username:admin,password:123456
[2018-03-22T12:29:49.327] [DEBUG] cheese - admin
[2018-03-22T12:29:49.331] [DEBUG] cheese - null
[2018-03-22T12:29:49.331] [DEBUG] cheese - null
[2018-03-22T12:36:23.298] [DEBUG] cheese - login => username:admin,password:123456
[2018-03-22T12:36:23.299] [DEBUG] cheese - admin
[2018-03-22T12:36:23.305] [DEBUG] cheese - null
[2018-03-22T12:36:23.305] [DEBUG] cheese - null
[2018-03-22T12:37:23.021] [DEBUG] cheese - login => username:admin,password:123456
[2018-03-22T12:37:23.021] [DEBUG] cheese - admin
[2018-03-22T12:37:23.026] [DEBUG] cheese - null
[2018-03-22T12:37:23.026] [DEBUG] cheese - null
[2018-03-22T12:38:20.140] [DEBUG] cheese - login => username:admin,password:123456
[2018-03-22T12:38:20.140] [DEBUG] cheese - admin
[2018-03-22T12:38:20.145] [DEBUG] cheese - null
[2018-03-22T12:38:20.145] [DEBUG] cheese - null
[2018-03-22T14:24:34.730] [DEBUG] cheese - login => username:admin,password:123456
[2018-03-22T14:24:34.732] [DEBUG] cheese - admin
[2018-03-22T14:24:34.749] [DEBUG] cheese - null
[2018-03-22T14:24:34.751] [DEBUG] cheese - null
[2018-03-22T14:57:38.050] [DEBUG] cheese - login => username:admin,password:123456
[2018-03-22T14:57:38.050] [DEBUG] cheese - admin
[2018-03-22T14:57:38.054] [DEBUG] cheese - null
[2018-03-22T14:57:38.054] [DEBUG] cheese - null
[2018-03-22T14:57:54.218] [DEBUG] cheese - login => username:admin,password:123456
[2018-03-22T14:57:54.219] [DEBUG] cheese - admin
[2018-03-22T14:57:54.223] [DEBUG] cheese - null
[2018-03-22T14:57:54.224] [DEBUG] cheese - null
[2018-03-22T15:03:35.901] [DEBUG] cheese - login => username:admin,password:123456
[2018-03-22T15:03:35.902] [DEBUG] cheese - admin
[2018-03-22T15:03:35.909] [DEBUG] cheese - null
[2018-03-22T15:03:35.909] [DEBUG] cheese - null
[2018-03-22T15:04:38.508] [DEBUG] cheese - login => username:admin,password:123456
[2018-03-22T15:04:38.508] [DEBUG] cheese - admin
[2018-03-22T15:04:38.513] [DEBUG] cheese - null
[2018-03-22T15:04:38.514] [DEBUG] cheese - null
[2018-03-22T15:32:20.046] [DEBUG] cheese - login => username:admin,password:123456
[2018-03-22T15:32:20.047] [DEBUG] cheese - admin
[2018-03-22T15:32:20.052] [DEBUG] cheese - null
[2018-03-22T15:32:20.052] [DEBUG] cheese - null
[2018-03-22T15:32:33.058] [DEBUG] cheese - login => username:admin,password:123456
[2018-03-22T15:32:33.059] [DEBUG] cheese - admin
[2018-03-22T15:32:33.063] [DEBUG] cheese - null
[2018-03-22T15:32:33.063] [DEBUG] cheese - null
[2018-03-22T15:37:09.722] [DEBUG] cheese - login => username:admin,password:123456
[2018-03-22T15:37:09.722] [DEBUG] cheese - admin
[2018-03-22T15:37:09.726] [DEBUG] cheese - null
[2018-03-22T15:37:09.726] [DEBUG] cheese - null
[2018-03-22T15:38:34.710] [DEBUG] cheese - login => username:admin,password:123456
[2018-03-22T15:38:34.710] [DEBUG] cheese - admin
[2018-03-22T15:38:34.715] [DEBUG] cheese - null
[2018-03-22T15:38:34.715] [DEBUG] cheese - null
[2018-03-23T10:03:13.336] [DEBUG] cheese - login => username:admin,password:123456
[2018-03-23T10:03:13.340] [DEBUG] cheese - admin
[2018-03-23T10:03:13.370] [DEBUG] cheese - null
[2018-03-23T10:03:13.371] [DEBUG] cheese - null
[2018-03-23T10:12:58.383] [DEBUG] cheese - login => username:admin,password:123456
[2018-03-23T10:12:58.383] [DEBUG] cheese - admin
[2018-03-23T10:12:58.389] [DEBUG] cheese - null
[2018-03-23T10:12:58.389] [DEBUG] cheese - null
[2018-03-23T10:14:34.586] [DEBUG] cheese - login => username:admin,password:123456
[2018-03-23T10:14:34.586] [DEBUG] cheese - admin
[2018-03-23T10:14:34.591] [DEBUG] cheese - null
[2018-03-23T10:14:34.591] [DEBUG] cheese - null
[2018-03-23T10:16:35.065] [DEBUG] cheese - login => username:admin,password:123456
[2018-03-23T10:16:35.065] [DEBUG] cheese - admin
[2018-03-23T10:16:35.076] [DEBUG] cheese - null
[2018-03-23T10:16:35.076] [DEBUG] cheese - null
[2018-03-23T10:19:19.061] [DEBUG] cheese - login => username:admin,password:123456
[2018-03-23T10:19:19.061] [DEBUG] cheese - admin
[2018-03-23T10:19:19.068] [DEBUG] cheese - null
[2018-03-23T10:19:19.069] [DEBUG] cheese - null
[2018-03-23T10:20:49.740] [DEBUG] cheese - login => username:admin,password:123456
[2018-03-23T10:20:49.740] [DEBUG] cheese - admin
[2018-03-23T10:20:49.745] [DEBUG] cheese - null
[2018-03-23T10:20:49.746] [DEBUG] cheese - null
[2018-03-23T10:22:49.122] [DEBUG] cheese - login => username:admin,password:123456
[2018-03-23T10:22:49.122] [DEBUG] cheese - admin
[2018-03-23T10:22:49.126] [DEBUG] cheese - null
[2018-03-23T10:22:49.127] [DEBUG] cheese - null
[2018-03-23T10:24:10.540] [DEBUG] cheese - login => username:admin,password:123456
[2018-03-23T10:24:10.540] [DEBUG] cheese - admin
[2018-03-23T10:24:10.545] [DEBUG] cheese - null
[2018-03-23T10:24:10.545] [DEBUG] cheese - null
[2018-03-23T10:30:35.851] [DEBUG] cheese - login => username:admin,password:123456
[2018-03-23T10:30:35.851] [DEBUG] cheese - admin
[2018-03-23T10:30:35.858] [DEBUG] cheese - null
[2018-03-23T10:30:35.859] [DEBUG] cheese - null
[2018-03-23T10:31:55.938] [DEBUG] cheese - login => username:admin,password:123456
[2018-03-23T10:31:55.938] [DEBUG] cheese - admin
[2018-03-23T10:31:55.943] [DEBUG] cheese - null
[2018-03-23T10:31:55.943] [DEBUG] cheese - null
[2018-03-23T10:40:38.016] [DEBUG] cheese - login => username:admin,password:123456
[2018-03-23T10:40:38.016] [DEBUG] cheese - admin
[2018-03-23T10:40:38.036] [DEBUG] cheese - null
[2018-03-23T10:40:38.037] [DEBUG] cheese - null
[2018-03-23T10:42:03.928] [DEBUG] cheese - login => username:admin,password:123456
[2018-03-23T10:42:03.928] [DEBUG] cheese - admin
[2018-03-23T10:42:03.933] [DEBUG] cheese - null
[2018-03-23T10:42:03.933] [DEBUG] cheese - null
[2018-03-23T10:55:24.399] [DEBUG] cheese - login => username:admin,password:123456
[2018-03-23T10:55:24.400] [DEBUG] cheese - admin
[2018-03-23T10:55:24.408] [DEBUG] cheese - null
[2018-03-23T10:55:24.409] [DEBUG] cheese - null
[2018-03-23T10:56:46.867] [DEBUG] cheese - login => username:admin,password:123456
[2018-03-23T10:56:46.868] [DEBUG] cheese - admin
[2018-03-23T10:56:46.874] [DEBUG] cheese - null
[2018-03-23T10:56:46.875] [DEBUG] cheese - null
